[INFO] Running nba_data_fetcher_advanced.py...
Starting NBA.com Advanced tab headless scrape...
No cookie/privacy popup found.
Found 31 rows in the table.
Header columns: ['', 'TEAM', 'GP', 'W', 'L', 'MIN', 'OFFRTG', 'DEFRTG', 'NETRTG', 'AST%', 'AST/TO', 'AST\nRATIO', 'OREB%', 'DREB%', 'REB%', 'TOV%', 'EFG%', 'TS%', 'PACE', 'PIE', 'POSS', '', '', '', '', '', '', '', '', '', '', '', '', '', '', '', '', '', '']
Indices - TEAM: 1, OFF: 6, DEF: 7, NET: 8, PACE: 18
Parsed: TEAM=Oklahoma City Thunder, OFF=117.7, DEF=105.9, NET=11.8, PACE=100.94
Parsed: TEAM=Detroit Pistons, OFF=116.4, DEF=108.4, NET=8.1, PACE=100.64
Parsed: TEAM=San Antonio Spurs, OFF=116.5, DEF=111.1, NET=5.4, PACE=100.8
Parsed: TEAM=Boston Celtics, OFF=120.0, DEF=112.7, NET=7.3, PACE=95.68
Parsed: TEAM=Denver Nuggets, OFF=121.0, DEF=116.8, NET=4.2, PACE=98.41
Parsed: TEAM=New York Knicks, OFF=118.6, DEF=113.1, NET=5.5, PACE=98.51
Parsed: TEAM=Cleveland Cavaliers, OFF=117.2, DEF=113.4, NET=3.8, PACE=101.8
Parsed: TEAM=Houston Rockets, OFF=117.3, DEF=112.2, NET=5.1, PACE=96.73
Parsed: TEAM=Los Angeles Lakers, OFF=116.5, DEF=116.5, NET=0.0, PACE=99.53
Parsed: TEAM=Minnesota Timberwolves, OFF=116.6, DEF=112.8, NET=3.9, PACE=101.39
Parsed: TEAM=Toronto Raptors, OFF=114.0, DEF=112.1, NET=1.9, PACE=99.37
Parsed: TEAM=Phoenix Suns, OFF=114.5, DEF=112.3, NET=2.2, PACE=99.02
Parsed: TEAM=Philadelphia 76ers, OFF=115.4, DEF=113.8, NET=1.5, PACE=99.53
Parsed: TEAM=Golden State Warriors, OFF=114.3, DEF=112.2, NET=2.1, PACE=100.72
Parsed: TEAM=Miami Heat, OFF=113.7, DEF=111.7, NET=2.0, PACE=104.92
Parsed: TEAM=Orlando Magic, OFF=113.4, DEF=114.1, NET=-0.6, PACE=100.78
Parsed: TEAM=Atlanta Hawks, OFF=113.8, DEF=114.7, NET=-0.9, PACE=102.87
Parsed: TEAM=Charlotte Hornets, OFF=117.1, DEF=114.9, NET=2.2, PACE=98.6
Parsed: TEAM=LA Clippers, OFF=115.6, DEF=115.8, NET=-0.3, PACE=96.7
Parsed: TEAM=Portland Trail Blazers, OFF=113.2, DEF=115.4, NET=-2.2, PACE=101.84
Parsed: TEAM=Chicago Bulls, OFF=113.7, DEF=117.5, NET=-3.8, PACE=102.33
Parsed: TEAM=Milwaukee Bucks, OFF=113.0, DEF=116.6, NET=-3.7, PACE=98.56
Parsed: TEAM=Memphis Grizzlies, OFF=113.2, DEF=115.4, NET=-2.2, PACE=101.37
Parsed: TEAM=Dallas Mavericks, OFF=110.3, DEF=113.2, NET=-2.9, PACE=102.5
Parsed: TEAM=Utah Jazz, OFF=113.6, DEF=121.7, NET=-8.1, PACE=102.88
Parsed: TEAM=Brooklyn Nets, OFF=110.5, DEF=118.0, NET=-7.5, PACE=96.63
Parsed: TEAM=New Orleans Pelicans, OFF=112.3, DEF=118.4, NET=-6.1, PACE=101.07
Parsed: TEAM=Washington Wizards, OFF=109.4, DEF=120.2, NET=-10.8, PACE=101.94
Parsed: TEAM=Indiana Pacers, OFF=108.5, DEF=116.2, NET=-7.7, PACE=101.57
Parsed: TEAM=Sacramento Kings, OFF=110.2, DEF=119.8, NET=-9.6, PACE=100.0
Scraped 30 teams from NBA.com Advanced tab
✅ Updated nba_stats_cache.json with 30 teams at 2026-02-09 21:10:52.209400
NBA.com Advanced data fetch complete.
[SUCCESS] nba_data_fetcher_advanced.py completed.
[COMPLETE] Data fetch successful. nba_stats_cache.json is ready.
