[2026-02-10 14:39:38.624339] Starting NBA.com Advanced tab headless scrape...
[2026-02-10 14:39:54.061084] No cookie/privacy popup found.
[2026-02-10 14:39:54.079158] Found 31 rows in the table.
[2026-02-10 14:39:54.168916] Header columns: ['', 'TEAM', 'GP', 'W', 'L', 'MIN', 'OFFRTG', 'DEFRTG', 'NETRTG', 'AST%', 'AST/TO', 'AST\nRATIO', 'OREB%', 'DREB%', 'REB%', 'TOV%', 'EFG%', 'TS%', 'PACE', 'PIE', 'POSS', '', '', '', '', '', '', '', '', '', '', '', '', '', '', '', '', '', '']
[2026-02-10 14:39:54.168994] Indices - TEAM: 1, OFF: 6, DEF: 7, NET: 8, PACE: 18
[2026-02-10 14:39:54.181536] Parsed: TEAM=Oklahoma City Thunder, OFF=117.7, DEF=106.0, NET=11.7, PACE=100.91
[2026-02-10 14:39:54.192824] Parsed: TEAM=Detroit Pistons, OFF=116.5, DEF=108.4, NET=8.1, PACE=100.49
[2026-02-10 14:39:54.212855] Parsed: TEAM=San Antonio Spurs, OFF=116.5, DEF=111.1, NET=5.4, PACE=100.8
[2026-02-10 14:39:54.224112] Parsed: TEAM=Boston Celtics, OFF=120.0, DEF=112.7, NET=7.3, PACE=95.68
[2026-02-10 14:39:54.235527] Parsed: TEAM=Denver Nuggets, OFF=120.9, DEF=116.8, NET=4.0, PACE=98.42
[2026-02-10 14:39:54.246815] Parsed: TEAM=New York Knicks, OFF=118.6, DEF=113.1, NET=5.5, PACE=98.51
[2026-02-10 14:39:54.260399] Parsed: TEAM=Cleveland Cavaliers, OFF=117.2, DEF=113.4, NET=3.8, PACE=101.75
[2026-02-10 14:39:54.271577] Parsed: TEAM=Minnesota Timberwolves, OFF=116.8, DEF=112.6, NET=4.2, PACE=101.51
[2026-02-10 14:39:54.282496] Parsed: TEAM=Houston Rockets, OFF=117.3, DEF=112.2, NET=5.1, PACE=96.73
[2026-02-10 14:39:54.293751] Parsed: TEAM=Los Angeles Lakers, OFF=116.4, DEF=116.6, NET=-0.1, PACE=99.52
[2026-02-10 14:39:54.304867] Parsed: TEAM=Toronto Raptors, OFF=114.0, DEF=112.1, NET=1.9, PACE=99.37
[2026-02-10 14:39:54.316103] Parsed: TEAM=Phoenix Suns, OFF=114.5, DEF=112.3, NET=2.2, PACE=99.02
[2026-02-10 14:39:54.327378] Parsed: TEAM=Philadelphia 76ers, OFF=115.4, DEF=114.2, NET=1.2, PACE=99.58
[2026-02-10 14:39:54.338205] Parsed: TEAM=Golden State Warriors, OFF=114.3, DEF=112.2, NET=2.1, PACE=100.73
[2026-02-10 14:39:54.349223] Parsed: TEAM=Miami Heat, OFF=113.6, DEF=111.7, NET=1.9, PACE=104.9
[2026-02-10 14:39:54.360448] Parsed: TEAM=Orlando Magic, OFF=113.5, DEF=113.8, NET=-0.3, PACE=100.75
[2026-02-10 14:39:54.371470] Parsed: TEAM=Atlanta Hawks, OFF=113.6, DEF=114.9, NET=-1.3, PACE=102.97
[2026-02-10 14:39:54.382595] Parsed: TEAM=Portland Trail Blazers, OFF=113.6, DEF=115.4, NET=-1.8, PACE=101.85
[2026-02-10 14:39:54.393581] Parsed: TEAM=Charlotte Hornets, OFF=116.9, DEF=114.9, NET=2.0, PACE=98.49
[2026-02-10 14:39:54.404920] Parsed: TEAM=LA Clippers, OFF=115.6, DEF=115.8, NET=-0.3, PACE=96.7
[2026-02-10 14:39:54.415874] Parsed: TEAM=Chicago Bulls, OFF=113.6, DEF=117.4, NET=-3.9, PACE=102.43
[2026-02-10 14:39:54.426836] Parsed: TEAM=Milwaukee Bucks, OFF=112.7, DEF=116.7, NET=-3.9, PACE=98.57
[2026-02-10 14:39:54.437778] Parsed: TEAM=Memphis Grizzlies, OFF=113.2, DEF=115.4, NET=-2.2, PACE=101.37
[2026-02-10 14:39:54.448689] Parsed: TEAM=Dallas Mavericks, OFF=110.3, DEF=113.2, NET=-2.9, PACE=102.5
[2026-02-10 14:39:54.459846] Parsed: TEAM=Utah Jazz, OFF=113.6, DEF=121.4, NET=-7.8, PACE=102.9
[2026-02-10 14:39:54.470455] Parsed: TEAM=Brooklyn Nets, OFF=110.6, DEF=117.8, NET=-7.2, PACE=96.84
[2026-02-10 14:39:54.481605] Parsed: TEAM=New Orleans Pelicans, OFF=112.4, DEF=118.0, NET=-5.5, PACE=101.03
[2026-02-10 14:39:54.492236] Parsed: TEAM=Washington Wizards, OFF=109.4, DEF=120.2, NET=-10.8, PACE=101.94
[2026-02-10 14:39:54.502861] Parsed: TEAM=Indiana Pacers, OFF=108.5, DEF=116.2, NET=-7.7, PACE=101.57
[2026-02-10 14:39:54.513704] Parsed: TEAM=Sacramento Kings, OFF=110.0, DEF=119.8, NET=-9.9, PACE=99.99
[2026-02-10 14:39:54.615801] Scraped 30 teams from NBA.com Advanced tab
[2026-02-10 14:39:54.616783] ✅ Updated nba_stats_cache.json with 30 teams at 2026-02-10T14:39:54.616228
[2026-02-10 14:39:54.616810] NBA.com Advanced data fetch complete.
[2026-02-10 14:42:25.865371] Starting NBA.com Advanced tab headless scrape...
[2026-02-10 14:42:40.787974] No cookie/privacy popup found.
[2026-02-10 14:42:40.807078] Found 31 rows in the table.
[2026-02-10 14:42:40.897055] Header columns: ['', 'TEAM', 'GP', 'W', 'L', 'MIN', 'OFFRTG', 'DEFRTG', 'NETRTG', 'AST%', 'AST/TO', 'AST\nRATIO', 'OREB%', 'DREB%', 'REB%', 'TOV%', 'EFG%', 'TS%', 'PACE', 'PIE', 'POSS', '', '', '', '', '', '', '', '', '', '', '', '', '', '', '', '', '', '']
[2026-02-10 14:42:40.897178] Indices - TEAM: 1, OFF: 6, DEF: 7, NET: 8, PACE: 18
[2026-02-10 14:42:40.909354] Parsed: TEAM=Oklahoma City Thunder, OFF=117.7, DEF=106.0, NET=11.7, PACE=100.91
[2026-02-10 14:42:40.920389] Parsed: TEAM=Detroit Pistons, OFF=116.5, DEF=108.4, NET=8.1, PACE=100.49
[2026-02-10 14:42:40.931650] Parsed: TEAM=San Antonio Spurs, OFF=116.5, DEF=111.1, NET=5.4, PACE=100.8
[2026-02-10 14:42:40.942516] Parsed: TEAM=Boston Celtics, OFF=120.0, DEF=112.7, NET=7.3, PACE=95.68
[2026-02-10 14:42:40.954363] Parsed: TEAM=Denver Nuggets, OFF=120.9, DEF=116.8, NET=4.0, PACE=98.42
[2026-02-10 14:42:40.965724] Parsed: TEAM=New York Knicks, OFF=118.6, DEF=113.1, NET=5.5, PACE=98.51
[2026-02-10 14:42:40.976455] Parsed: TEAM=Cleveland Cavaliers, OFF=117.2, DEF=113.4, NET=3.8, PACE=101.75
[2026-02-10 14:42:40.987570] Parsed: TEAM=Minnesota Timberwolves, OFF=116.8, DEF=112.6, NET=4.2, PACE=101.51
[2026-02-10 14:42:40.999038] Parsed: TEAM=Houston Rockets, OFF=117.3, DEF=112.2, NET=5.1, PACE=96.73
[2026-02-10 14:42:41.009694] Parsed: TEAM=Los Angeles Lakers, OFF=116.4, DEF=116.6, NET=-0.1, PACE=99.52
[2026-02-10 14:42:41.020531] Parsed: TEAM=Toronto Raptors, OFF=114.0, DEF=112.1, NET=1.9, PACE=99.37
[2026-02-10 14:42:41.039716] Parsed: TEAM=Phoenix Suns, OFF=114.5, DEF=112.3, NET=2.2, PACE=99.02
[2026-02-10 14:42:41.051480] Parsed: TEAM=Philadelphia 76ers, OFF=115.4, DEF=114.2, NET=1.2, PACE=99.58
[2026-02-10 14:42:41.062292] Parsed: TEAM=Golden State Warriors, OFF=114.3, DEF=112.2, NET=2.1, PACE=100.73
[2026-02-10 14:42:41.072987] Parsed: TEAM=Miami Heat, OFF=113.6, DEF=111.7, NET=1.9, PACE=104.9
[2026-02-10 14:42:41.084141] Parsed: TEAM=Orlando Magic, OFF=113.5, DEF=113.8, NET=-0.3, PACE=100.75
[2026-02-10 14:42:41.095583] Parsed: TEAM=Atlanta Hawks, OFF=113.6, DEF=114.9, NET=-1.3, PACE=102.97
[2026-02-10 14:42:41.107074] Parsed: TEAM=Portland Trail Blazers, OFF=113.6, DEF=115.4, NET=-1.8, PACE=101.85
[2026-02-10 14:42:41.118792] Parsed: TEAM=Charlotte Hornets, OFF=116.9, DEF=114.9, NET=2.0, PACE=98.49
[2026-02-10 14:42:41.130814] Parsed: TEAM=LA Clippers, OFF=115.6, DEF=115.8, NET=-0.3, PACE=96.7
[2026-02-10 14:42:41.141571] Parsed: TEAM=Chicago Bulls, OFF=113.6, DEF=117.4, NET=-3.9, PACE=102.43
[2026-02-10 14:42:41.152690] Parsed: TEAM=Milwaukee Bucks, OFF=112.7, DEF=116.7, NET=-3.9, PACE=98.57
[2026-02-10 14:42:41.164315] Parsed: TEAM=Memphis Grizzlies, OFF=113.2, DEF=115.4, NET=-2.2, PACE=101.37
[2026-02-10 14:42:41.180626] Parsed: TEAM=Dallas Mavericks, OFF=110.3, DEF=113.2, NET=-2.9, PACE=102.5
[2026-02-10 14:42:41.192151] Parsed: TEAM=Utah Jazz, OFF=113.6, DEF=121.4, NET=-7.8, PACE=102.9
[2026-02-10 14:42:41.203133] Parsed: TEAM=Brooklyn Nets, OFF=110.6, DEF=117.8, NET=-7.2, PACE=96.84
[2026-02-10 14:42:41.214923] Parsed: TEAM=New Orleans Pelicans, OFF=112.4, DEF=118.0, NET=-5.5, PACE=101.03
[2026-02-10 14:42:41.225534] Parsed: TEAM=Washington Wizards, OFF=109.4, DEF=120.2, NET=-10.8, PACE=101.94
[2026-02-10 14:42:41.237135] Parsed: TEAM=Indiana Pacers, OFF=108.5, DEF=116.2, NET=-7.7, PACE=101.57
[2026-02-10 14:42:41.247987] Parsed: TEAM=Sacramento Kings, OFF=110.0, DEF=119.8, NET=-9.9, PACE=99.99
[2026-02-10 14:42:41.346039] Scraped 30 teams from NBA.com Advanced tab
[2026-02-10 14:42:41.347940] ✅ Updated nba_stats_cache.json with 30 teams at 2026-02-10T14:42:41.347531
[2026-02-10 14:42:41.347969] NBA.com Advanced data fetch complete.
[2026-02-10 14:46:21.466188] Starting NBA.com Advanced tab headless scrape...
[2026-02-10 14:46:36.912747] No cookie/privacy popup found.
[2026-02-10 14:46:36.932809] Found 31 rows in the table.
[2026-02-10 14:46:37.035415] Header columns: ['', 'TEAM', 'GP', 'W', 'L', 'MIN', 'OFFRTG', 'DEFRTG', 'NETRTG', 'AST%', 'AST/TO', 'AST\nRATIO', 'OREB%', 'DREB%', 'REB%', 'TOV%', 'EFG%', 'TS%', 'PACE', 'PIE', 'POSS', '', '', '', '', '', '', '', '', '', '', '', '', '', '', '', '', '', '']
[2026-02-10 14:46:37.035564] Indices - TEAM: 1, OFF: 6, DEF: 7, NET: 8, PACE: 18
[2026-02-10 14:46:37.048389] Parsed: TEAM=Oklahoma City Thunder, OFF=117.7, DEF=106.0, NET=11.7, PACE=100.91
[2026-02-10 14:46:37.058818] Parsed: TEAM=Detroit Pistons, OFF=116.5, DEF=108.4, NET=8.1, PACE=100.49
[2026-02-10 14:46:37.069267] Parsed: TEAM=San Antonio Spurs, OFF=116.5, DEF=111.1, NET=5.4, PACE=100.8
[2026-02-10 14:46:37.079798] Parsed: TEAM=Boston Celtics, OFF=120.0, DEF=112.7, NET=7.3, PACE=95.68
[2026-02-10 14:46:37.089909] Parsed: TEAM=Denver Nuggets, OFF=120.9, DEF=116.8, NET=4.0, PACE=98.42
[2026-02-10 14:46:37.100133] Parsed: TEAM=New York Knicks, OFF=118.6, DEF=113.1, NET=5.5, PACE=98.51
[2026-02-10 14:46:37.110590] Parsed: TEAM=Cleveland Cavaliers, OFF=117.2, DEF=113.4, NET=3.8, PACE=101.75
[2026-02-10 14:46:37.121161] Parsed: TEAM=Minnesota Timberwolves, OFF=116.8, DEF=112.6, NET=4.2, PACE=101.51
[2026-02-10 14:46:37.132561] Parsed: TEAM=Houston Rockets, OFF=117.3, DEF=112.2, NET=5.1, PACE=96.73
[2026-02-10 14:46:37.143187] Parsed: TEAM=Los Angeles Lakers, OFF=116.4, DEF=116.6, NET=-0.1, PACE=99.52
[2026-02-10 14:46:37.153839] Parsed: TEAM=Toronto Raptors, OFF=114.0, DEF=112.1, NET=1.9, PACE=99.37
[2026-02-10 14:46:37.164121] Parsed: TEAM=Phoenix Suns, OFF=114.5, DEF=112.3, NET=2.2, PACE=99.02
[2026-02-10 14:46:37.174549] Parsed: TEAM=Philadelphia 76ers, OFF=115.4, DEF=114.2, NET=1.2, PACE=99.58
[2026-02-10 14:46:37.185045] Parsed: TEAM=Golden State Warriors, OFF=114.3, DEF=112.2, NET=2.1, PACE=100.73
[2026-02-10 14:46:37.195721] Parsed: TEAM=Miami Heat, OFF=113.6, DEF=111.7, NET=1.9, PACE=104.9
[2026-02-10 14:46:37.205916] Parsed: TEAM=Orlando Magic, OFF=113.5, DEF=113.8, NET=-0.3, PACE=100.75
[2026-02-10 14:46:37.217440] Parsed: TEAM=Atlanta Hawks, OFF=113.6, DEF=114.9, NET=-1.3, PACE=102.97
[2026-02-10 14:46:37.228422] Parsed: TEAM=Portland Trail Blazers, OFF=113.6, DEF=115.4, NET=-1.8, PACE=101.85
[2026-02-10 14:46:37.238927] Parsed: TEAM=Charlotte Hornets, OFF=116.9, DEF=114.9, NET=2.0, PACE=98.49
[2026-02-10 14:46:37.249174] Parsed: TEAM=LA Clippers, OFF=115.6, DEF=115.8, NET=-0.3, PACE=96.7
[2026-02-10 14:46:37.259553] Parsed: TEAM=Chicago Bulls, OFF=113.6, DEF=117.4, NET=-3.9, PACE=102.43
[2026-02-10 14:46:37.270204] Parsed: TEAM=Milwaukee Bucks, OFF=112.7, DEF=116.7, NET=-3.9, PACE=98.57
[2026-02-10 14:46:37.280581] Parsed: TEAM=Memphis Grizzlies, OFF=113.2, DEF=115.4, NET=-2.2, PACE=101.37
[2026-02-10 14:46:37.291003] Parsed: TEAM=Dallas Mavericks, OFF=110.3, DEF=113.2, NET=-2.9, PACE=102.5
[2026-02-10 14:46:37.301918] Parsed: TEAM=Utah Jazz, OFF=113.6, DEF=121.4, NET=-7.8, PACE=102.9
[2026-02-10 14:46:37.312765] Parsed: TEAM=Brooklyn Nets, OFF=110.6, DEF=117.8, NET=-7.2, PACE=96.84
[2026-02-10 14:46:37.323090] Parsed: TEAM=New Orleans Pelicans, OFF=112.4, DEF=118.0, NET=-5.5, PACE=101.03
[2026-02-10 14:46:37.333578] Parsed: TEAM=Washington Wizards, OFF=109.4, DEF=120.2, NET=-10.8, PACE=101.94
[2026-02-10 14:46:37.343918] Parsed: TEAM=Indiana Pacers, OFF=108.5, DEF=116.2, NET=-7.7, PACE=101.57
[2026-02-10 14:46:37.362182] Parsed: TEAM=Sacramento Kings, OFF=110.0, DEF=119.8, NET=-9.9, PACE=99.99
[2026-02-10 14:46:37.461779] Scraped 30 teams from NBA.com Advanced tab
[2026-02-10 14:46:37.462580] ✅ Updated nba_stats_cache.json with 30 teams at 2026-02-10T14:46:37.462347
[2026-02-10 14:46:37.462623] NBA.com Advanced data fetch complete.
[2026-02-10 14:47:55.051762] Starting NBA.com Advanced tab headless scrape...
[2026-02-10 14:48:10.203370] No cookie/privacy popup found.
[2026-02-10 14:48:10.221204] Found 31 rows in the table.
[2026-02-10 14:48:10.312309] Header columns: ['', 'TEAM', 'GP', 'W', 'L', 'MIN', 'OFFRTG', 'DEFRTG', 'NETRTG', 'AST%', 'AST/TO', 'AST\nRATIO', 'OREB%', 'DREB%', 'REB%', 'TOV%', 'EFG%', 'TS%', 'PACE', 'PIE', 'POSS', '', '', '', '', '', '', '', '', '', '', '', '', '', '', '', '', '', '']
[2026-02-10 14:48:10.312476] Indices - TEAM: 1, OFF: 6, DEF: 7, NET: 8, PACE: 18
[2026-02-10 14:48:10.324027] Parsed: TEAM=Oklahoma City Thunder, OFF=117.7, DEF=106.0, NET=11.7, PACE=100.91
[2026-02-10 14:48:10.334414] Parsed: TEAM=Detroit Pistons, OFF=116.5, DEF=108.4, NET=8.1, PACE=100.49
[2026-02-10 14:48:10.344871] Parsed: TEAM=San Antonio Spurs, OFF=116.5, DEF=111.1, NET=5.4, PACE=100.8
[2026-02-10 14:48:10.356363] Parsed: TEAM=Boston Celtics, OFF=120.0, DEF=112.7, NET=7.3, PACE=95.68
[2026-02-10 14:48:10.366703] Parsed: TEAM=Denver Nuggets, OFF=120.9, DEF=116.8, NET=4.0, PACE=98.42
[2026-02-10 14:48:10.377182] Parsed: TEAM=New York Knicks, OFF=118.6, DEF=113.1, NET=5.5, PACE=98.51
[2026-02-10 14:48:10.387779] Parsed: TEAM=Cleveland Cavaliers, OFF=117.2, DEF=113.4, NET=3.8, PACE=101.75
[2026-02-10 14:48:10.398022] Parsed: TEAM=Minnesota Timberwolves, OFF=116.8, DEF=112.6, NET=4.2, PACE=101.51
[2026-02-10 14:48:10.417177] Parsed: TEAM=Houston Rockets, OFF=117.3, DEF=112.2, NET=5.1, PACE=96.73
[2026-02-10 14:48:10.428194] Parsed: TEAM=Los Angeles Lakers, OFF=116.4, DEF=116.6, NET=-0.1, PACE=99.52
[2026-02-10 14:48:10.439165] Parsed: TEAM=Toronto Raptors, OFF=114.0, DEF=112.1, NET=1.9, PACE=99.37
[2026-02-10 14:48:10.449710] Parsed: TEAM=Phoenix Suns, OFF=114.5, DEF=112.3, NET=2.2, PACE=99.02
[2026-02-10 14:48:10.460316] Parsed: TEAM=Philadelphia 76ers, OFF=115.4, DEF=114.2, NET=1.2, PACE=99.58
[2026-02-10 14:48:10.471178] Parsed: TEAM=Golden State Warriors, OFF=114.3, DEF=112.2, NET=2.1, PACE=100.73
[2026-02-10 14:48:10.481664] Parsed: TEAM=Miami Heat, OFF=113.6, DEF=111.7, NET=1.9, PACE=104.9
[2026-02-10 14:48:10.492115] Parsed: TEAM=Orlando Magic, OFF=113.5, DEF=113.8, NET=-0.3, PACE=100.75
[2026-02-10 14:48:10.502359] Parsed: TEAM=Atlanta Hawks, OFF=113.6, DEF=114.9, NET=-1.3, PACE=102.97
[2026-02-10 14:48:10.512739] Parsed: TEAM=Portland Trail Blazers, OFF=113.6, DEF=115.4, NET=-1.8, PACE=101.85
[2026-02-10 14:48:10.523222] Parsed: TEAM=Charlotte Hornets, OFF=116.9, DEF=114.9, NET=2.0, PACE=98.49
[2026-02-10 14:48:10.533791] Parsed: TEAM=LA Clippers, OFF=115.6, DEF=115.8, NET=-0.3, PACE=96.7
[2026-02-10 14:48:10.544378] Parsed: TEAM=Chicago Bulls, OFF=113.6, DEF=117.4, NET=-3.9, PACE=102.43
[2026-02-10 14:48:10.555874] Parsed: TEAM=Milwaukee Bucks, OFF=112.7, DEF=116.7, NET=-3.9, PACE=98.57
[2026-02-10 14:48:10.566539] Parsed: TEAM=Memphis Grizzlies, OFF=113.2, DEF=115.4, NET=-2.2, PACE=101.37
[2026-02-10 14:48:10.577680] Parsed: TEAM=Dallas Mavericks, OFF=110.3, DEF=113.2, NET=-2.9, PACE=102.5
[2026-02-10 14:48:10.590722] Parsed: TEAM=Utah Jazz, OFF=113.6, DEF=121.4, NET=-7.8, PACE=102.9
[2026-02-10 14:48:10.609030] Parsed: TEAM=Brooklyn Nets, OFF=110.6, DEF=117.8, NET=-7.2, PACE=96.84
[2026-02-10 14:48:10.620185] Parsed: TEAM=New Orleans Pelicans, OFF=112.4, DEF=118.0, NET=-5.5, PACE=101.03
[2026-02-10 14:48:10.631462] Parsed: TEAM=Washington Wizards, OFF=109.4, DEF=120.2, NET=-10.8, PACE=101.94
[2026-02-10 14:48:10.643385] Parsed: TEAM=Indiana Pacers, OFF=108.5, DEF=116.2, NET=-7.7, PACE=101.57
[2026-02-10 14:48:10.655055] Parsed: TEAM=Sacramento Kings, OFF=110.0, DEF=119.8, NET=-9.9, PACE=99.99
[2026-02-10 14:48:10.744701] Scraped 30 teams from NBA.com Advanced tab
[2026-02-10 14:48:10.745228] ✅ Updated nba_stats_cache.json with 30 teams at 2026-02-10T14:48:10.745000
[2026-02-10 14:48:10.745264] NBA.com Advanced data fetch complete.
[2026-02-10 14:49:44.463686] Starting NBA.com Advanced tab headless scrape...
[2026-02-10 14:49:58.907229] No cookie/privacy popup found.
[2026-02-10 14:49:58.922213] Found 31 rows in the table.
[2026-02-10 14:49:59.012769] Header columns: ['', 'TEAM', 'GP', 'W', 'L', 'MIN', 'OFFRTG', 'DEFRTG', 'NETRTG', 'AST%', 'AST/TO', 'AST\nRATIO', 'OREB%', 'DREB%', 'REB%', 'TOV%', 'EFG%', 'TS%', 'PACE', 'PIE', 'POSS', '', '', '', '', '', '', '', '', '', '', '', '', '', '', '', '', '', '']
[2026-02-10 14:49:59.012855] Indices - TEAM: 1, OFF: 6, DEF: 7, NET: 8, PACE: 18
[2026-02-10 14:49:59.024610] Parsed: TEAM=Oklahoma City Thunder, OFF=117.7, DEF=106.0, NET=11.7, PACE=100.91
[2026-02-10 14:49:59.036572] Parsed: TEAM=Detroit Pistons, OFF=116.5, DEF=108.4, NET=8.1, PACE=100.49
[2026-02-10 14:49:59.047167] Parsed: TEAM=San Antonio Spurs, OFF=116.5, DEF=111.1, NET=5.4, PACE=100.8
[2026-02-10 14:49:59.057623] Parsed: TEAM=Boston Celtics, OFF=120.0, DEF=112.7, NET=7.3, PACE=95.68
[2026-02-10 14:49:59.068262] Parsed: TEAM=Denver Nuggets, OFF=120.9, DEF=116.8, NET=4.0, PACE=98.42
[2026-02-10 14:49:59.078891] Parsed: TEAM=New York Knicks, OFF=118.6, DEF=113.1, NET=5.5, PACE=98.51
[2026-02-10 14:49:59.090184] Parsed: TEAM=Cleveland Cavaliers, OFF=117.2, DEF=113.4, NET=3.8, PACE=101.75
[2026-02-10 14:49:59.100653] Parsed: TEAM=Minnesota Timberwolves, OFF=116.8, DEF=112.6, NET=4.2, PACE=101.51
[2026-02-10 14:49:59.110951] Parsed: TEAM=Houston Rockets, OFF=117.3, DEF=112.2, NET=5.1, PACE=96.73
[2026-02-10 14:49:59.121599] Parsed: TEAM=Los Angeles Lakers, OFF=116.4, DEF=116.6, NET=-0.1, PACE=99.52
[2026-02-10 14:49:59.131955] Parsed: TEAM=Toronto Raptors, OFF=114.0, DEF=112.1, NET=1.9, PACE=99.37
[2026-02-10 14:49:59.142225] Parsed: TEAM=Phoenix Suns, OFF=114.5, DEF=112.3, NET=2.2, PACE=99.02
[2026-02-10 14:49:59.152914] Parsed: TEAM=Philadelphia 76ers, OFF=115.4, DEF=114.2, NET=1.2, PACE=99.58
[2026-02-10 14:49:59.163424] Parsed: TEAM=Golden State Warriors, OFF=114.3, DEF=112.2, NET=2.1, PACE=100.73
[2026-02-10 14:49:59.173733] Parsed: TEAM=Miami Heat, OFF=113.6, DEF=111.7, NET=1.9, PACE=104.9
[2026-02-10 14:49:59.184283] Parsed: TEAM=Orlando Magic, OFF=113.5, DEF=113.8, NET=-0.3, PACE=100.75
[2026-02-10 14:49:59.194459] Parsed: TEAM=Atlanta Hawks, OFF=113.6, DEF=114.9, NET=-1.3, PACE=102.97
[2026-02-10 14:49:59.211980] Parsed: TEAM=Portland Trail Blazers, OFF=113.6, DEF=115.4, NET=-1.8, PACE=101.85
[2026-02-10 14:49:59.222868] Parsed: TEAM=Charlotte Hornets, OFF=116.9, DEF=114.9, NET=2.0, PACE=98.49
[2026-02-10 14:49:59.233256] Parsed: TEAM=LA Clippers, OFF=115.6, DEF=115.8, NET=-0.3, PACE=96.7
[2026-02-10 14:49:59.243604] Parsed: TEAM=Chicago Bulls, OFF=113.6, DEF=117.4, NET=-3.9, PACE=102.43
[2026-02-10 14:49:59.253919] Parsed: TEAM=Milwaukee Bucks, OFF=112.7, DEF=116.7, NET=-3.9, PACE=98.57
[2026-02-10 14:49:59.264569] Parsed: TEAM=Memphis Grizzlies, OFF=113.2, DEF=115.4, NET=-2.2, PACE=101.37
[2026-02-10 14:49:59.274588] Parsed: TEAM=Dallas Mavericks, OFF=110.3, DEF=113.2, NET=-2.9, PACE=102.5
[2026-02-10 14:49:59.284977] Parsed: TEAM=Utah Jazz, OFF=113.6, DEF=121.4, NET=-7.8, PACE=102.9
[2026-02-10 14:49:59.295001] Parsed: TEAM=Brooklyn Nets, OFF=110.6, DEF=117.8, NET=-7.2, PACE=96.84
[2026-02-10 14:49:59.305111] Parsed: TEAM=New Orleans Pelicans, OFF=112.4, DEF=118.0, NET=-5.5, PACE=101.03
[2026-02-10 14:49:59.315769] Parsed: TEAM=Washington Wizards, OFF=109.4, DEF=120.2, NET=-10.8, PACE=101.94
[2026-02-10 14:49:59.331255] Parsed: TEAM=Indiana Pacers, OFF=108.5, DEF=116.2, NET=-7.7, PACE=101.57
[2026-02-10 14:49:59.345313] Parsed: TEAM=Sacramento Kings, OFF=110.0, DEF=119.8, NET=-9.9, PACE=99.99
[2026-02-10 14:49:59.469310] Scraped 30 teams from NBA.com Advanced tab
[2026-02-10 14:49:59.469918] ✅ Updated nba_stats_cache.json with 30 teams at 2026-02-10T14:49:59.469623
[2026-02-10 14:49:59.469961] NBA.com Advanced data fetch complete.
